<?xml version="1.0" encoding="UTF-8"?>
<!-- Generated by org.testng.reporters.JUnitXMLReporter -->
<testsuite hostname="Khurram-PC" ignored="0" name="Regression1" tests="14" failures="0" timestamp="29 Jul 2018 18:37:03 GMT" time="40.68" errors="0">
  <testcase name="setUp" time="11.396" classname="Com.TestNG_Practice.DependsMethod"/>
  <testcase name="homePage" time="0.023" classname="Com.TestNG_Practice.DependsMethod"/>
  <testcase name="countingTen" time="0.006" classname="Com.TestNG_Practice.Invocation_count"/>
  <testcase name="countingTen" time="0.001" classname="Com.TestNG_Practice.Invocation_count"/>
  <testcase name="countingTen" time="0.0" classname="Com.TestNG_Practice.Invocation_count"/>
  <testcase name="countingTen" time="0.002" classname="Com.TestNG_Practice.Invocation_count"/>
  <testcase name="countingTen" time="0.001" classname="Com.TestNG_Practice.Invocation_count"/>
  <testcase name="countingTen" time="0.003" classname="Com.TestNG_Practice.Invocation_count"/>
  <testcase name="countingTen" time="0.005" classname="Com.TestNG_Practice.Invocation_count"/>
  <testcase name="countingTen" time="0.003" classname="Com.TestNG_Practice.Invocation_count"/>
  <testcase name="countingTen" time="0.002" classname="Com.TestNG_Practice.Invocation_count"/>
  <testcase name="countingTen" time="0.002" classname="Com.TestNG_Practice.Invocation_count"/>
  <testcase name="title_Test" time="0.016" classname="Com.TestNG_Practice.Groups_Priority"/>
  <testcase name="logo_Test" time="0.05" classname="Com.TestNG_Practice.Groups_Priority"/>
</testsuite> <!-- Regression1 -->
