<?xml version="1.0" encoding="UTF-8"?>
<testng-results skipped="0" failed="0" ignored="0" total="2" passed="2">
  <reporter-output>
  </reporter-output>
  <suite name="Default suite" duration-ms="42888" started-at="2018-07-31T18:34:27Z" finished-at="2018-07-31T18:35:09Z">
    <groups>
    </groups>
    <test name="Default test" duration-ms="42888" started-at="2018-07-31T18:34:27Z" finished-at="2018-07-31T18:35:09Z">
      <class name="Com.TestNG_Practice.DependsMethod">
        <test-method status="PASS" signature="setUp()[pri:0, instance:Com.TestNG_Practice.DependsMethod@2bbf4b8b]" name="setUp" duration-ms="42839" started-at="2018-07-31T18:34:27Z" finished-at="2018-07-31T18:35:09Z">
          <reporter-output>
          </reporter-output>
        </test-method> <!-- setUp -->
        <test-method status="PASS" signature="homePage()[pri:0, instance:Com.TestNG_Practice.DependsMethod@2bbf4b8b]" name="homePage" duration-ms="15" started-at="2018-07-31T18:35:09Z" depends-on-methods="Com.TestNG_Practice.DependsMethod.setUp" finished-at="2018-07-31T18:35:09Z">
          <reporter-output>
          </reporter-output>
        </test-method> <!-- homePage -->
      </class> <!-- Com.TestNG_Practice.DependsMethod -->
    </test> <!-- Default test -->
  </suite> <!-- Default suite -->
</testng-results>
